{"name": "test_one", "status": "broken", "statusDetails": {"message": "selenium.common.exceptions.NoSuchElementException: Message: An element could not be located on the page using the given search parameters.; For documentation on this error, please visit: https://www.selenium.dev/documentation/webdriver/troubleshooting/errors#no-such-element-exception\nStacktrace:\nNoSuchElementError: An element could not be located on the page using the given search parameters.\n    at AndroidUiautomator2Driver.findElOrEls (/home/devesh-ssd/.appium/node_modules/appium-uiautomator2-driver/node_modules/appium-android-driver/lib/commands/find.ts:87:11)\n    at processTicksAndRejections (node:internal/process/task_queues:95:5)\n    at AndroidUiautomator2Driver.findElOrElsWithProcessing (/home/devesh-ssd/.appium/node_modules/appium-uiautomator2-driver/node_modules/@appium/base-driver/lib/basedriver/commands/find.ts:60:12)\n    at AndroidUiautomator2Driver.findElement (/home/devesh-ssd/.appium/node_modules/appium-uiautomator2-driver/node_modules/@appium/base-driver/lib/basedriver/commands/find.ts:75:12)", "trace": "@pytest.mark.usefixtures(\"log_on_failure\")\n    def test_one():\n        print(\"1 : Appium Service Going UP\")\n        appium_server_url = 'http://localhost:4723'\n    \n        # capabilities\n        desired_caps = {}\n    \n        desired_caps['platformName'] = 'Android'\n    \n        desired_caps['automationName'] = 'UiAutomator2'\n    \n        desired_caps['platformVersion'] = '11'\n    \n        desired_caps['deviceName'] = 'Pixel 6a API 30'\n    \n        # desired_caps['app'] = str(Path().absolute().parent)+'\\\\app\\\\Android_Appium_Demo.apk'\n    \n        desired_caps['appPackage'] = 'com.rove.staging'\n    \n        desired_caps['appActivity'] = '.MainActivity'\n    \n        global driver\n        driver = webdriver.Remote(appium_server_url, options=UiAutomator2Options().load_capabilities(desired_caps))\n        driver.implicitly_wait(10)\n        #allure.attach(driver.get_screenshot_as_png(), name='screenshot1_1', attachment_type=AttachmentType.PNG)\n        storage_permission = driver.find_element(AppiumBy.ID,\n                                                 'com.android.permissioncontroller:id/permission_allow_button')\n        #allure.attach(driver.get_screenshot_as_png(), name='screenshot1', attachment_type=AttachmentType.PNG)\n        storage_permission.click()\n        time.sleep(5)\n    \n        # login screen - Login with Gmail\n        login_by_gmail = driver.find_element(AppiumBy.XPATH, '//android.widget.TextView[@text=\"Continue with Google\"]')\n        #allure.attach(driver.get_screenshot_as_png(), name='screenshot2', attachment_type=AttachmentType.PNG)\n        login_by_gmail.click()\n        time.sleep(7)\n        print(\"3 : Gmail Service Opted\")\n    \n        # gmail_selection\n        opt_gmail_account = driver.find_element(AppiumBy.XPATH,\n                                                '(//android.widget.LinearLayout[@resource-id=\"com.google.android.gms:id/container\"])[1]/android.widget.LinearLayout')\n        #allure.attach(driver.get_screenshot_as_png(), name='screenshot3', attachment_type=AttachmentType.PNG)\n        opt_gmail_account.click()\n        time.sleep(5)\n        print(\"4 : Gmail Account Login\")\n        # manual way\n    \n        print(\"5 :Started Getting into Charging flow\")\n        pairing_via_manual_method = driver.find_element(AppiumBy.XPATH,\n                                                        '//android.widget.TextView[@text=\"Pair your charger manually\"]')\n        #allure.attach(driver.get_screenshot_as_png(), name='screenshot4', attachment_type=AttachmentType.PNG)\n        pairing_via_manual_method.click()\n        time.sleep(5)\n        print(\"6 : Manual Way Opted successfully\")\n    \n        # location page\n        print(\"7 : On Location Screen - Opting Location - By Default : Santa Ana\")\n        santa_ana_location_selection = driver.find_element(AppiumBy.XPATH,\n                                                           '//android.widget.ScrollView/android.view.ViewGroup/android.view.ViewGroup[1]/android.view.ViewGroup/com.horcrux.svg.SvgView/com.horcrux.svg.GroupView/com.horcrux.svg.GroupView/com.horcrux.svg.PathView')\n        #allure.attach(driver.get_screenshot_as_png(), name='screenshot5', attachment_type=AttachmentType.PNG)\n        santa_ana_location_selection.click()\n        time.sleep(5)\n    \n        # continue button on location button\n        print(\"8 : Opting Continue on location screen\")\n        continue_on_location_screen = driver.find_element(AppiumBy.XPATH,\n                                                          '//android.view.ViewGroup[@content-desc=\"Continue\"]/android.view.ViewGroup')\n        continue_on_location_screen.click()\n        time.sleep(5)\n    \n        # opting charger number\n        print(\"9 : Opt Charger Number\")\n>       charger_number_input = driver.find_element(AppiumBy.XPATH, '//android.widget.EditText[@text=\"Charger #\"]')\n\n../test_markers.py:109: \n_ _ _ _ _ _ _ _ _ _ _ _ _ _ _ _ _ _ _ _ _ _ _ _ _ _ _ _ _ _ _ _ _ _ _ _ _ _ _ _ _ _ _ _ _ _ _ _ _ _ _ _ _ _ _ _ _ _ _ _ _ _ _ _ _ _ _ _ _ _ _ _ _ _ _ _ _ _ _ _ _ _ _ _ _ _ _ _ _ _ _ _ _ _ _ _ _ _ _ _ _ _ _ _ _ _ _ _ _ _\n../../../../.local/lib/python3.8/site-packages/appium/webdriver/webdriver.py:381: in find_element\n    return self.execute(RemoteCommand.FIND_ELEMENT, {'using': by, 'value': value})['value']\n../../../../.local/lib/python3.8/site-packages/selenium/webdriver/remote/webdriver.py:344: in execute\n    self.error_handler.check_response(response)\n_ _ _ _ _ _ _ _ _ _ _ _ _ _ _ _ _ _ _ _ _ _ _ _ _ _ _ _ _ _ _ _ _ _ _ _ _ _ _ _ _ _ _ _ _ _ _ _ _ _ _ _ _ _ _ _ _ _ _ _ _ _ _ _ _ _ _ _ _ _ _ _ _ _ _ _ _ _ _ _ _ _ _ _ _ _ _ _ _ _ _ _ _ _ _ _ _ _ _ _ _ _ _ _ _ _ _ _ _ _\n\nself = <appium.webdriver.errorhandler.MobileErrorHandler object at 0x7ff0a3daf4f0>\nresponse = {'status': 404, 'value': '{\"value\":{\"error\":\"no such element\",\"message\":\"An element could not be located on the page u...um/node_modules/appium-uiautomator2-driver/node_modules/@appium/base-driver/lib/basedriver/commands/find.ts:75:12)\"}}'}\n\n    def check_response(self, response: Dict[str, Any]) -> None:\n        \"\"\"\n        https://www.w3.org/TR/webdriver/#errors\n        \"\"\"\n        payload = response.get('value', '')\n        if isinstance(payload, dict):\n            payload_dict = payload\n        else:\n            try:\n                payload_dict = json.loads(payload)\n            except (json.JSONDecodeError, TypeError):\n                return\n            if not isinstance(payload_dict, dict):\n                return\n        value = payload_dict.get('value')\n        if not isinstance(value, dict):\n            return\n        error = value.get('error')\n        if not error:\n            return\n    \n        message = value.get('message', error)\n        stacktrace = value.get('stacktrace', '')\n        # In theory, we should also be checking HTTP status codes.\n        # Java client, for example, prints a warning if the actual `error`\n        # value does not match to the response's HTTP status code.\n        exception_class: Type[sel_exceptions.WebDriverException] = ERROR_TO_EXC_MAPPING.get(\n            error, sel_exceptions.WebDriverException\n        )\n        if exception_class is sel_exceptions.WebDriverException and message:\n            if message == 'No such context found.':\n                exception_class = appium_exceptions.NoSuchContextException\n            elif message == 'That command could not be executed in the current context.':\n                exception_class = appium_exceptions.InvalidSwitchToTargetException\n    \n        if exception_class is sel_exceptions.UnexpectedAlertPresentException:\n            raise sel_exceptions.UnexpectedAlertPresentException(\n                msg=message,\n                stacktrace=format_stacktrace(stacktrace),\n                alert_text=value.get('data'),\n            )\n>       raise exception_class(msg=message, stacktrace=format_stacktrace(stacktrace))\nE       selenium.common.exceptions.NoSuchElementException: Message: An element could not be located on the page using the given search parameters.; For documentation on this error, please visit: https://www.selenium.dev/documentation/webdriver/troubleshooting/errors#no-such-element-exception\nE       Stacktrace:\nE       NoSuchElementError: An element could not be located on the page using the given search parameters.\nE           at AndroidUiautomator2Driver.findElOrEls (/home/devesh-ssd/.appium/node_modules/appium-uiautomator2-driver/node_modules/appium-android-driver/lib/commands/find.ts:87:11)\nE           at processTicksAndRejections (node:internal/process/task_queues:95:5)\nE           at AndroidUiautomator2Driver.findElOrElsWithProcessing (/home/devesh-ssd/.appium/node_modules/appium-uiautomator2-driver/node_modules/@appium/base-driver/lib/basedriver/commands/find.ts:60:12)\nE           at AndroidUiautomator2Driver.findElement (/home/devesh-ssd/.appium/node_modules/appium-uiautomator2-driver/node_modules/@appium/base-driver/lib/basedriver/commands/find.ts:75:12)\n\n../../../../.local/lib/python3.8/site-packages/appium/webdriver/errorhandler.py:125: NoSuchElementException"}, "attachments": [{"name": "stdout", "source": "b9ec892d-4a08-4b96-9897-497e66e78967-attachment.txt", "type": "text/plain"}], "start": 1703662984329, "stop": 1703663041732, "uuid": "8cfeb647-a7f7-4afd-a4a1-c568d3e09ab3", "historyId": "60eed23bb8551b965d8d8282a24dc11f", "testCaseId": "60eed23bb8551b965d8d8282a24dc11f", "fullName": "test_markers#test_one", "labels": [{"name": "tag", "value": "@pytest.mark.usefixtures('log_on_failure')"}, {"name": "suite", "value": "test_markers"}, {"name": "host", "value": "deveshssd-B450M-H"}, {"name": "thread", "value": "16474-MainThread"}, {"name": "framework", "value": "pytest"}, {"name": "language", "value": "cpython3"}, {"name": "package", "value": "test_markers"}]}